<?xml version="1.0" encoding="utf-8"?>
<log version="1.0" tool="runtool">

<msg id="1" tool="runtool">
  <type>log-start</type>
  <arg>2024/01/01 03:57:38</arg>
</msg>
<msg id="2" tool="runtool">
  <type>bandwidth-measurement-starts</type>
</msg>
<msg id="3" tool="runtool">
  <type>bandwidth-measurement-done</type>
</msg>
<msg id="4" tool="runtool">
  <type>collector-starts</type>
</msg>
<msg id="5" tool="runtool">
  <type>marker-file</type>
  <arg>/home/ulc/cursos/curso349/hpctools/advisor/111/e000/trc000/trc000.advixe</arg>
</msg>
<msg id="6" tool="trc">
  <type>PROCESS_START</type>
  <arg>/mnt/netapp2/Home_FT2/home/ulc/cursos/curso349/hpctools/dgesv</arg>
  <arg>3727508</arg>
  <severity>INFO</severity>
  <timestamp>Mon Jan  1 03:57:58 2024</timestamp>
</msg>
<msg id="7" tool="trc">
  <type>FAIL_OPEN_FILE</type>
  <arg></arg>
  <severity>ERROR</severity>
  <timestamp>Mon Jan  1 03:57:58 2024</timestamp>
</msg>
<msg id="8" tool="trc">
  <type>PROCESS_ANALYSIS_MODE</type>
  <arg>full</arg>
  <severity>INFO</severity>
  <timestamp>Mon Jan  1 03:57:58 2024</timestamp>
</msg>
<msg id="9" tool="trc">
  <type>LOAD_MODULE</type>
  <arg>/mnt/netapp2/Home_FT2/home/ulc/cursos/curso349/hpctools/dgesv</arg>
  <arg>0x56338ca2a000</arg>
  <arg>0x56338ca2e087</arg>
  <arg>yes</arg>
  <severity>INFO</severity>
  <timestamp>Mon Jan  1 03:57:58 2024</timestamp>
</msg>
<msg id="10" tool="trc">
  <type>LOAD_MODULE</type>
  <arg>/mnt/netapp1/Optcesga_FT2_RHEL7/2020/gentoo/22072020/lib64/ld-linux-x86-64.so.2</arg>
  <arg>0x7fa0d6137000</arg>
  <arg>0x7fa0d6162137</arg>
  <arg>no</arg>
  <severity>INFO</severity>
  <timestamp>Mon Jan  1 03:57:58 2024</timestamp>
</msg>
<msg id="11" tool="trc">
  <type>LOAD_MODULE</type>
  <arg>[vdso]</arg>
  <arg>0x7ffccdfd6000</arg>
  <arg>0x7ffccdfd6f5c</arg>
  <arg>no</arg>
  <severity>INFO</severity>
  <timestamp>Mon Jan  1 03:57:58 2024</timestamp>
</msg>
<msg id="12" tool="trc">
  <type>LOAD_MODULE</type>
  <arg>/mnt/netapp1/Optcesga_FT2_RHEL7/2020/gentoo/22072020/usr/lib64/libopenblas.so.0</arg>
  <arg>0x7fa0bf440000</arg>
  <arg>0x7fa0c018f3cf</arg>
  <arg>no</arg>
  <severity>INFO</severity>
  <timestamp>Mon Jan  1 03:57:58 2024</timestamp>
</msg>
<msg id="13" tool="trc">
  <type>LOAD_MODULE</type>
  <arg>/mnt/netapp1/Optcesga_FT2_RHEL7/2020/gentoo/22072020/lib64/libc.so.6</arg>
  <arg>0x7fa0bf247000</arg>
  <arg>0x7fa0bf4035cf</arg>
  <arg>no</arg>
  <severity>INFO</severity>
  <timestamp>Mon Jan  1 03:57:58 2024</timestamp>
</msg>
<msg id="14" tool="trc">
  <type>LOAD_MODULE</type>
  <arg>/mnt/netapp1/Optcesga_FT2_RHEL7/2020/gentoo/22072020/lib64/libm.so.6</arg>
  <arg>0x7fa0bf101000</arg>
  <arg>0x7fa0bf24210f</arg>
  <arg>no</arg>
  <severity>INFO</severity>
  <timestamp>Mon Jan  1 03:57:58 2024</timestamp>
</msg>
<msg id="15" tool="trc">
  <type>LOAD_MODULE</type>
  <arg>/mnt/netapp1/Optcesga_FT2_RHEL7/2020/gentoo/22072020/lib64/libpthread.so.0</arg>
  <arg>0x7fa0bf0e0000</arg>
  <arg>0x7fa0bf10046f</arg>
  <arg>yes</arg>
  <severity>INFO</severity>
  <timestamp>Mon Jan  1 03:57:58 2024</timestamp>
</msg>
<msg id="16" tool="trc">
  <type>LOAD_MODULE</type>
  <arg>/mnt/netapp1/Optcesga_FT2_RHEL7/2020/gentoo/22072020/usr/lib/gcc/x86_64-pc-linux-gnu/11.2.0/libgfortran.so.5</arg>
  <arg>0x7fa0bee25000</arg>
  <arg>0x7fa0bf0df7ff</arg>
  <arg>no</arg>
  <severity>INFO</severity>
  <timestamp>Mon Jan  1 03:57:58 2024</timestamp>
</msg>
<msg id="17" tool="trc">
  <type>LOAD_MODULE</type>
  <arg>/mnt/netapp1/Optcesga_FT2_RHEL7/2020/gentoo/22072020/usr/lib/gcc/x86_64-pc-linux-gnu/11.2.0/libgomp.so.1</arg>
  <arg>0x7fa0bede2000</arg>
  <arg>0x7fa0bee2494f</arg>
  <arg>no</arg>
  <severity>INFO</severity>
  <timestamp>Mon Jan  1 03:57:58 2024</timestamp>
</msg>
<msg id="18" tool="trc">
  <type>LOAD_MODULE</type>
  <arg>/mnt/netapp1/Optcesga_FT2_RHEL7/2020/gentoo/22072020/usr/lib/gcc/x86_64-pc-linux-gnu/11.2.0/libquadmath.so.0</arg>
  <arg>0x7fa0bed6c000</arg>
  <arg>0x7fa0bedb52bf</arg>
  <arg>no</arg>
  <severity>INFO</severity>
  <timestamp>Mon Jan  1 03:57:58 2024</timestamp>
</msg>
<msg id="19" tool="trc">
  <type>LOAD_MODULE</type>
  <arg>/opt/cesga/2020/software/Core/advisor/2021.4.0/advisor/2021.4.0/lib64/libgcc_s.so.1</arg>
  <arg>0x7fa0bed51000</arg>
  <arg>0x7fa0bed6b447</arg>
  <arg>no</arg>
  <severity>INFO</severity>
  <timestamp>Mon Jan  1 03:57:58 2024</timestamp>
</msg>
<msg id="20" tool="trc">
  <type>LOAD_MODULE</type>
  <arg>/mnt/netapp1/Optcesga_FT2_RHEL7/2020/gentoo/22072020/lib64/libdl.so.2</arg>
  <arg>0x7fa0bed4b000</arg>
  <arg>0x7fa0bed5010f</arg>
  <arg>no</arg>
  <severity>INFO</severity>
  <timestamp>Mon Jan  1 03:57:58 2024</timestamp>
</msg>
<msg id="21" tool="trc">
  <type>UNLOAD_MODULE</type>
  <arg>/mnt/netapp2/Home_FT2/home/ulc/cursos/curso349/hpctools/dgesv</arg>
  <severity>INFO</severity>
  <timestamp>Mon Jan  1 03:57:59 2024</timestamp>
</msg>
<msg id="22" tool="trc">
  <type>UNLOAD_MODULE</type>
  <arg>/mnt/netapp1/Optcesga_FT2_RHEL7/2020/gentoo/22072020/lib64/ld-linux-x86-64.so.2</arg>
  <severity>INFO</severity>
  <timestamp>Mon Jan  1 03:57:59 2024</timestamp>
</msg>
<msg id="23" tool="trc">
  <type>UNLOAD_MODULE</type>
  <arg>[vdso]</arg>
  <severity>INFO</severity>
  <timestamp>Mon Jan  1 03:57:59 2024</timestamp>
</msg>
<msg id="24" tool="trc">
  <type>UNLOAD_MODULE</type>
  <arg>/mnt/netapp1/Optcesga_FT2_RHEL7/2020/gentoo/22072020/usr/lib64/libopenblas.so.0</arg>
  <severity>INFO</severity>
  <timestamp>Mon Jan  1 03:57:59 2024</timestamp>
</msg>
<msg id="25" tool="trc">
  <type>UNLOAD_MODULE</type>
  <arg>/mnt/netapp1/Optcesga_FT2_RHEL7/2020/gentoo/22072020/lib64/libc.so.6</arg>
  <severity>INFO</severity>
  <timestamp>Mon Jan  1 03:57:59 2024</timestamp>
</msg>
<msg id="26" tool="trc">
  <type>UNLOAD_MODULE</type>
  <arg>/mnt/netapp1/Optcesga_FT2_RHEL7/2020/gentoo/22072020/lib64/libm.so.6</arg>
  <severity>INFO</severity>
  <timestamp>Mon Jan  1 03:57:59 2024</timestamp>
</msg>
<msg id="27" tool="trc">
  <type>UNLOAD_MODULE</type>
  <arg>/mnt/netapp1/Optcesga_FT2_RHEL7/2020/gentoo/22072020/lib64/libpthread.so.0</arg>
  <severity>INFO</severity>
  <timestamp>Mon Jan  1 03:57:59 2024</timestamp>
</msg>
<msg id="28" tool="trc">
  <type>UNLOAD_MODULE</type>
  <arg>/mnt/netapp1/Optcesga_FT2_RHEL7/2020/gentoo/22072020/usr/lib/gcc/x86_64-pc-linux-gnu/11.2.0/libgfortran.so.5</arg>
  <severity>INFO</severity>
  <timestamp>Mon Jan  1 03:57:59 2024</timestamp>
</msg>
<msg id="29" tool="trc">
  <type>UNLOAD_MODULE</type>
  <arg>/mnt/netapp1/Optcesga_FT2_RHEL7/2020/gentoo/22072020/usr/lib/gcc/x86_64-pc-linux-gnu/11.2.0/libgomp.so.1</arg>
  <severity>INFO</severity>
  <timestamp>Mon Jan  1 03:57:59 2024</timestamp>
</msg>
<msg id="30" tool="trc">
  <type>UNLOAD_MODULE</type>
  <arg>/mnt/netapp1/Optcesga_FT2_RHEL7/2020/gentoo/22072020/usr/lib/gcc/x86_64-pc-linux-gnu/11.2.0/libquadmath.so.0</arg>
  <severity>INFO</severity>
  <timestamp>Mon Jan  1 03:57:59 2024</timestamp>
</msg>
<msg id="31" tool="trc">
  <type>UNLOAD_MODULE</type>
  <arg>/opt/cesga/2020/software/Core/advisor/2021.4.0/advisor/2021.4.0/lib64/libgcc_s.so.1</arg>
  <severity>INFO</severity>
  <timestamp>Mon Jan  1 03:57:59 2024</timestamp>
</msg>
<msg id="32" tool="trc">
  <type>UNLOAD_MODULE</type>
  <arg>/mnt/netapp1/Optcesga_FT2_RHEL7/2020/gentoo/22072020/lib64/libdl.so.2</arg>
  <severity>INFO</severity>
  <timestamp>Mon Jan  1 03:57:59 2024</timestamp>
</msg>
<msg id="33" tool="runtool">
  <type>app-exit-code</type>
  <arg>139</arg>
</msg>
<msg id="34" tool="runtool">
  <type>marker-file</type>
  <arg>/home/ulc/cursos/curso349/hpctools/advisor/111/e000/trc000/trc000.advixe</arg>
</msg>
<msg id="35" tool="runtool">
  <type>collector-done</type>
</msg>
<msg id="36" tool="runtool">
  <type>log-end</type>
  <arg>2024/01/01 03:58:03</arg>
</msg>

</log>

