<?xml version="1.0" encoding="utf-8" ?>
<!-- DO NOT EDIT THIS FILE -->

<log version='2.0' source='trc'>
	<msg id='1' display='false' source='trc'>
		<type>PROCESS_START</type>
		<severity>INFO</severity>
		<timestamp>Mon Jan  1 03:57:58 2024</timestamp>
		<arg name='process'>/mnt/netapp2/Home_FT2/home/ulc/cursos/curso349/hpctools/dgesv</arg>
		<arg name='pid'>3727508</arg>
	</msg>
	<!-- Instrumentation filter's state:
    Patterns applicability:
        Generic loop pattern.....................: enabled
        Generic loop pattern (with dynamic jumps): enabled
        Known trip value loop pattern............: enabled
        Runtime final value loop pattern.........: enabled
        No initial IV loop pattern...............: enabled
        IV step only loop pattern................: enabled
        No entry loop pattern....................: enabled
    Clustered memory model (CMM) applicability:
        Generic loop pattern.....................: enabled
        Generic loop pattern (with dynamic jumps): enabled
        Known trip value loop pattern............: enabled
        Runtime final value loop pattern.........: enabled
        No initial IV loop pattern...............: enabled
        IV step only loop pattern................: enabled
        No entry loop pattern....................: disabled
 -->
	<msg id='2' display='false' source='trc'>
		<type>FAIL_OPEN_FILE</type>
		<severity>ERROR</severity>
		<timestamp>Mon Jan  1 03:57:58 2024</timestamp>
		<arg name='filename'></arg>
	</msg>
	<!-- Callstack mode:
    filter modules.........: true
    filter routines........: true
    count loops............: true
    count flops............: true
    trace..................: false
    extended trace.........: false
    omp trace..............: false
    jit trace..............: false
    failures trace.........: false
    dump raw...............: false
    dump final.............: false
    dump all...............: false
    stack stitching........: true
    stl profiling..........: true
    aggressive frame switch: true
    unwind frame exit......: true
    analyze child loops....: true
 -->
	<!-- Managed application profiling: -->
	<!-- 	State...................: enabled -->
	<!-- Gpu Profiling: -->
	<!-- 	State: disabled -->
	<msg id='3' display='false' source='trc'>
		<type>PROCESS_ANALYSIS_MODE</type>
		<severity>INFO</severity>
		<timestamp>Mon Jan  1 03:57:58 2024</timestamp>
		<arg name='mode'>full</arg>
	</msg>
	<msg id='4' display='false' source='trc'>
		<type>LOAD_MODULE</type>
		<severity>INFO</severity>
		<timestamp>Mon Jan  1 03:57:58 2024</timestamp>
		<arg name='module'>/mnt/netapp2/Home_FT2/home/ulc/cursos/curso349/hpctools/dgesv</arg>
		<arg name='basement'>0x56338ca2a000</arg>
		<arg name='ceiling'>0x56338ca2e087</arg>
		<arg name='symtab'>yes</arg>
	</msg>
	<!-- Instrumenting image: id = 1, name = /mnt/netapp2/Home_FT2/home/ulc/cursos/curso349/hpctools/dgesv -->
	<!-- Instrumenting loops in routine "my_dgesv" -->
	<!-- Instrumenting loops in routine "copy_matrix" -->
	<!-- Instrumenting loops in routine "generate_matrix" -->
	<!-- Instrumenting loops in routine "check_result" -->
	<!-- Instrumenting loops in routine "__libc_csu_init" -->
	<msg id='5' display='false' source='trc'>
		<type>LOAD_MODULE</type>
		<severity>INFO</severity>
		<timestamp>Mon Jan  1 03:57:58 2024</timestamp>
		<arg name='module'>/mnt/netapp1/Optcesga_FT2_RHEL7/2020/gentoo/22072020/lib64/ld-linux-x86-64.so.2</arg>
		<arg name='basement'>0x7fa0d6137000</arg>
		<arg name='ceiling'>0x7fa0d6162137</arg>
		<arg name='symtab'>no</arg>
	</msg>
	<!-- Instrumentation of /mnt/netapp1/Optcesga_FT2_RHEL7/2020/gentoo/22072020/lib64/ld-linux-x86-64.so.2 image skipped because of filter conditions. -->
	<msg id='6' display='false' source='trc'>
		<type>LOAD_MODULE</type>
		<severity>INFO</severity>
		<timestamp>Mon Jan  1 03:57:58 2024</timestamp>
		<arg name='module'>[vdso]</arg>
		<arg name='basement'>0x7ffccdfd6000</arg>
		<arg name='ceiling'>0x7ffccdfd6f5c</arg>
		<arg name='symtab'>no</arg>
	</msg>
	<!-- Instrumentation of [vdso] image skipped because of no symbols and stripped binaries profiling is disabled. -->
	<msg id='7' display='false' source='trc'>
		<type>LOAD_MODULE</type>
		<severity>INFO</severity>
		<timestamp>Mon Jan  1 03:57:58 2024</timestamp>
		<arg name='module'>/mnt/netapp1/Optcesga_FT2_RHEL7/2020/gentoo/22072020/usr/lib64/libopenblas.so.0</arg>
		<arg name='basement'>0x7fa0bf440000</arg>
		<arg name='ceiling'>0x7fa0c018f3cf</arg>
		<arg name='symtab'>no</arg>
	</msg>
	<!-- Instrumentation of /mnt/netapp1/Optcesga_FT2_RHEL7/2020/gentoo/22072020/usr/lib64/libopenblas.so.0 image skipped because of no symbols and stripped binaries profiling is disabled. -->
	<msg id='8' display='false' source='trc'>
		<type>LOAD_MODULE</type>
		<severity>INFO</severity>
		<timestamp>Mon Jan  1 03:57:58 2024</timestamp>
		<arg name='module'>/mnt/netapp1/Optcesga_FT2_RHEL7/2020/gentoo/22072020/lib64/libc.so.6</arg>
		<arg name='basement'>0x7fa0bf247000</arg>
		<arg name='ceiling'>0x7fa0bf4035cf</arg>
		<arg name='symtab'>no</arg>
	</msg>
	<!-- Instrumentation of /mnt/netapp1/Optcesga_FT2_RHEL7/2020/gentoo/22072020/lib64/libc.so.6 image skipped because of filter conditions. -->
	<msg id='9' display='false' source='trc'>
		<type>LOAD_MODULE</type>
		<severity>INFO</severity>
		<timestamp>Mon Jan  1 03:57:58 2024</timestamp>
		<arg name='module'>/mnt/netapp1/Optcesga_FT2_RHEL7/2020/gentoo/22072020/lib64/libm.so.6</arg>
		<arg name='basement'>0x7fa0bf101000</arg>
		<arg name='ceiling'>0x7fa0bf24210f</arg>
		<arg name='symtab'>no</arg>
	</msg>
	<!-- Instrumentation of /mnt/netapp1/Optcesga_FT2_RHEL7/2020/gentoo/22072020/lib64/libm.so.6 image skipped because of no symbols and stripped binaries profiling is disabled. -->
	<msg id='10' display='false' source='trc'>
		<type>LOAD_MODULE</type>
		<severity>INFO</severity>
		<timestamp>Mon Jan  1 03:57:58 2024</timestamp>
		<arg name='module'>/mnt/netapp1/Optcesga_FT2_RHEL7/2020/gentoo/22072020/lib64/libpthread.so.0</arg>
		<arg name='basement'>0x7fa0bf0e0000</arg>
		<arg name='ceiling'>0x7fa0bf10046f</arg>
		<arg name='symtab'>yes</arg>
	</msg>
	<!-- Instrumentation of /mnt/netapp1/Optcesga_FT2_RHEL7/2020/gentoo/22072020/lib64/libpthread.so.0 image skipped because of filter conditions. -->
	<msg id='11' display='false' source='trc'>
		<type>LOAD_MODULE</type>
		<severity>INFO</severity>
		<timestamp>Mon Jan  1 03:57:58 2024</timestamp>
		<arg name='module'>/mnt/netapp1/Optcesga_FT2_RHEL7/2020/gentoo/22072020/usr/lib/gcc/x86_64-pc-linux-gnu/11.2.0/libgfortran.so.5</arg>
		<arg name='basement'>0x7fa0bee25000</arg>
		<arg name='ceiling'>0x7fa0bf0df7ff</arg>
		<arg name='symtab'>no</arg>
	</msg>
	<!-- Instrumentation of /mnt/netapp1/Optcesga_FT2_RHEL7/2020/gentoo/22072020/usr/lib/gcc/x86_64-pc-linux-gnu/11.2.0/libgfortran.so.5 image skipped because of no symbols and stripped binaries profiling is disabled. -->
	<msg id='12' display='false' source='trc'>
		<type>LOAD_MODULE</type>
		<severity>INFO</severity>
		<timestamp>Mon Jan  1 03:57:58 2024</timestamp>
		<arg name='module'>/mnt/netapp1/Optcesga_FT2_RHEL7/2020/gentoo/22072020/usr/lib/gcc/x86_64-pc-linux-gnu/11.2.0/libgomp.so.1</arg>
		<arg name='basement'>0x7fa0bede2000</arg>
		<arg name='ceiling'>0x7fa0bee2494f</arg>
		<arg name='symtab'>no</arg>
	</msg>
	<!-- Instrumentation of /mnt/netapp1/Optcesga_FT2_RHEL7/2020/gentoo/22072020/usr/lib/gcc/x86_64-pc-linux-gnu/11.2.0/libgomp.so.1 image skipped because of no symbols and stripped binaries profiling is disabled. -->
	<msg id='13' display='false' source='trc'>
		<type>LOAD_MODULE</type>
		<severity>INFO</severity>
		<timestamp>Mon Jan  1 03:57:58 2024</timestamp>
		<arg name='module'>/mnt/netapp1/Optcesga_FT2_RHEL7/2020/gentoo/22072020/usr/lib/gcc/x86_64-pc-linux-gnu/11.2.0/libquadmath.so.0</arg>
		<arg name='basement'>0x7fa0bed6c000</arg>
		<arg name='ceiling'>0x7fa0bedb52bf</arg>
		<arg name='symtab'>no</arg>
	</msg>
	<!-- Instrumentation of /mnt/netapp1/Optcesga_FT2_RHEL7/2020/gentoo/22072020/usr/lib/gcc/x86_64-pc-linux-gnu/11.2.0/libquadmath.so.0 image skipped because of no symbols and stripped binaries profiling is disabled. -->
	<msg id='14' display='false' source='trc'>
		<type>LOAD_MODULE</type>
		<severity>INFO</severity>
		<timestamp>Mon Jan  1 03:57:58 2024</timestamp>
		<arg name='module'>/opt/cesga/2020/software/Core/advisor/2021.4.0/advisor/2021.4.0/lib64/libgcc_s.so.1</arg>
		<arg name='basement'>0x7fa0bed51000</arg>
		<arg name='ceiling'>0x7fa0bed6b447</arg>
		<arg name='symtab'>no</arg>
	</msg>
	<!-- Instrumentation of /opt/cesga/2020/software/Core/advisor/2021.4.0/advisor/2021.4.0/lib64/libgcc_s.so.1 image skipped because of filter conditions. -->
	<msg id='15' display='false' source='trc'>
		<type>LOAD_MODULE</type>
		<severity>INFO</severity>
		<timestamp>Mon Jan  1 03:57:58 2024</timestamp>
		<arg name='module'>/mnt/netapp1/Optcesga_FT2_RHEL7/2020/gentoo/22072020/lib64/libdl.so.2</arg>
		<arg name='basement'>0x7fa0bed4b000</arg>
		<arg name='ceiling'>0x7fa0bed5010f</arg>
		<arg name='symtab'>no</arg>
	</msg>
	<!-- Instrumentation of /mnt/netapp1/Optcesga_FT2_RHEL7/2020/gentoo/22072020/lib64/libdl.so.2 image skipped because of filter conditions. -->
	<msg id='16' display='false' source='trc'>
		<type>UNLOAD_MODULE</type>
		<severity>INFO</severity>
		<timestamp>Mon Jan  1 03:57:59 2024</timestamp>
		<arg name='module'>/mnt/netapp2/Home_FT2/home/ulc/cursos/curso349/hpctools/dgesv</arg>
	</msg>
	<msg id='17' display='false' source='trc'>
		<type>UNLOAD_MODULE</type>
		<severity>INFO</severity>
		<timestamp>Mon Jan  1 03:57:59 2024</timestamp>
		<arg name='module'>/mnt/netapp1/Optcesga_FT2_RHEL7/2020/gentoo/22072020/lib64/ld-linux-x86-64.so.2</arg>
	</msg>
	<msg id='18' display='false' source='trc'>
		<type>UNLOAD_MODULE</type>
		<severity>INFO</severity>
		<timestamp>Mon Jan  1 03:57:59 2024</timestamp>
		<arg name='module'>[vdso]</arg>
	</msg>
	<msg id='19' display='false' source='trc'>
		<type>UNLOAD_MODULE</type>
		<severity>INFO</severity>
		<timestamp>Mon Jan  1 03:57:59 2024</timestamp>
		<arg name='module'>/mnt/netapp1/Optcesga_FT2_RHEL7/2020/gentoo/22072020/usr/lib64/libopenblas.so.0</arg>
	</msg>
	<msg id='20' display='false' source='trc'>
		<type>UNLOAD_MODULE</type>
		<severity>INFO</severity>
		<timestamp>Mon Jan  1 03:57:59 2024</timestamp>
		<arg name='module'>/mnt/netapp1/Optcesga_FT2_RHEL7/2020/gentoo/22072020/lib64/libc.so.6</arg>
	</msg>
	<msg id='21' display='false' source='trc'>
		<type>UNLOAD_MODULE</type>
		<severity>INFO</severity>
		<timestamp>Mon Jan  1 03:57:59 2024</timestamp>
		<arg name='module'>/mnt/netapp1/Optcesga_FT2_RHEL7/2020/gentoo/22072020/lib64/libm.so.6</arg>
	</msg>
	<msg id='22' display='false' source='trc'>
		<type>UNLOAD_MODULE</type>
		<severity>INFO</severity>
		<timestamp>Mon Jan  1 03:57:59 2024</timestamp>
		<arg name='module'>/mnt/netapp1/Optcesga_FT2_RHEL7/2020/gentoo/22072020/lib64/libpthread.so.0</arg>
	</msg>
	<msg id='23' display='false' source='trc'>
		<type>UNLOAD_MODULE</type>
		<severity>INFO</severity>
		<timestamp>Mon Jan  1 03:57:59 2024</timestamp>
		<arg name='module'>/mnt/netapp1/Optcesga_FT2_RHEL7/2020/gentoo/22072020/usr/lib/gcc/x86_64-pc-linux-gnu/11.2.0/libgfortran.so.5</arg>
	</msg>
	<msg id='24' display='false' source='trc'>
		<type>UNLOAD_MODULE</type>
		<severity>INFO</severity>
		<timestamp>Mon Jan  1 03:57:59 2024</timestamp>
		<arg name='module'>/mnt/netapp1/Optcesga_FT2_RHEL7/2020/gentoo/22072020/usr/lib/gcc/x86_64-pc-linux-gnu/11.2.0/libgomp.so.1</arg>
	</msg>
	<msg id='25' display='false' source='trc'>
		<type>UNLOAD_MODULE</type>
		<severity>INFO</severity>
		<timestamp>Mon Jan  1 03:57:59 2024</timestamp>
		<arg name='module'>/mnt/netapp1/Optcesga_FT2_RHEL7/2020/gentoo/22072020/usr/lib/gcc/x86_64-pc-linux-gnu/11.2.0/libquadmath.so.0</arg>
	</msg>
	<msg id='26' display='false' source='trc'>
		<type>UNLOAD_MODULE</type>
		<severity>INFO</severity>
		<timestamp>Mon Jan  1 03:57:59 2024</timestamp>
		<arg name='module'>/opt/cesga/2020/software/Core/advisor/2021.4.0/advisor/2021.4.0/lib64/libgcc_s.so.1</arg>
	</msg>
	<msg id='27' display='false' source='trc'>
		<type>UNLOAD_MODULE</type>
		<severity>INFO</severity>
		<timestamp>Mon Jan  1 03:57:59 2024</timestamp>
		<arg name='module'>/mnt/netapp1/Optcesga_FT2_RHEL7/2020/gentoo/22072020/lib64/libdl.so.2</arg>
	</msg>